Traceback (most recent call last):
  File "D:\Project\Test-CPNS\backend\main.py", line 44, in log_requests
    response = await call_next(request)
  File "D:\Project\Test-CPNS\backend\venv\lib\site-packages\starlette\middleware\base.py", line 168, in call_next
    raise app_exc from app_exc.__cause__ or app_exc.__context__
  File "D:\Project\Test-CPNS\backend\venv\lib\site-packages\starlette\middleware\base.py", line 144, in coro
    await self.app(scope, receive_or_disconnect, send_no_error)
  File "D:\Project\Test-CPNS\backend\venv\lib\site-packages\starlette\middleware\cors.py", line 87, in __call__
    await self.app(scope, receive, send)
  File "D:\Project\Test-CPNS\backend\venv\lib\site-packages\starlette\middleware\exceptions.py", line 63, in __call__
    await wrap_app_handling_exceptions(self.app, conn)(scope, receive, send)
  File "D:\Project\Test-CPNS\backend\venv\lib\site-packages\starlette\_exception_handler.py", line 53, in wrapped_app
    raise exc
  File "D:\Project\Test-CPNS\backend\venv\lib\site-packages\starlette\_exception_handler.py", line 42, in wrapped_app
    await app(scope, receive, sender)
  File "D:\Project\Test-CPNS\backend\venv\lib\site-packages\fastapi\middleware\asyncexitstack.py", line 18, in __call__
    await self.app(scope, receive, send)
  File "D:\Project\Test-CPNS\backend\venv\lib\site-packages\starlette\routing.py", line 716, in __call__
    await self.middleware_stack(scope, receive, send)
  File "D:\Project\Test-CPNS\backend\venv\lib\site-packages\starlette\routing.py", line 736, in app
    await route.handle(scope, receive, send)
  File "D:\Project\Test-CPNS\backend\venv\lib\site-packages\starlette\routing.py", line 290, in handle
    await self.app(scope, receive, send)
  File "D:\Project\Test-CPNS\backend\venv\lib\site-packages\fastapi\routing.py", line 130, in app
    await wrap_app_handling_exceptions(app, request)(scope, receive, send)
  File "D:\Project\Test-CPNS\backend\venv\lib\site-packages\starlette\_exception_handler.py", line 53, in wrapped_app
    raise exc
  File "D:\Project\Test-CPNS\backend\venv\lib\site-packages\starlette\_exception_handler.py", line 42, in wrapped_app
    await app(scope, receive, sender)
  File "D:\Project\Test-CPNS\backend\venv\lib\site-packages\fastapi\routing.py", line 116, in app
    response = await f(request)
  File "D:\Project\Test-CPNS\backend\venv\lib\site-packages\fastapi\routing.py", line 670, in app
    raw_response = await run_endpoint_function(
  File "D:\Project\Test-CPNS\backend\venv\lib\site-packages\fastapi\routing.py", line 324, in run_endpoint_function
    return await dependant.call(**values)
  File "D:\Project\Test-CPNS\backend\api\v1\endpoints\exam.py", line 165, in finish_exam
    if session.end_time and now_utc > session.end_time:
TypeError: can't compare offset-naive and offset-aware datetimes
